

FATAL ERROR:  Unhandled Access Violation Reading 0x0000 Exception at ed63a4cbh

02/10/2018 at 09:18:39.079  Drawing: A:\Projetos\AutocadFerramenta\blocos ferramenta.dwg
-------------


FATAL ERROR:  Unhandled Access Violation Reading 0x0000 Exception at ed63f12bh

02/10/2018 at 09:20:44.111  Drawing: A:\Projetos\AutocadFerramenta\blocos ferramenta.dwg
-------------


FATAL ERROR:  Unhandled Access Violation Reading 0x0000 Exception at ed679bfbh

02/10/2018 at 09:26:10.785  Drawing: A:\Projetos\AutocadFerramenta\blocos ferramenta.dwg
-------------


FATAL ERROR:  Unhandled Access Violation Reading 0x0000 Exception at ed6a020dh

02/10/2018 at 10:42:59.458  Drawing: A:\Projetos\AutocadFerramenta\blocos ferramenta.dwg
-------------


FATAL ERROR:  Unhandled Access Violation Reading 0x0000 Exception at ed662902h

02/10/2018 at 11:29:25.837  Drawing: A:\Projetos\AutocadFerramenta\blocos ferramenta.dwg
-------------


FATAL ERROR:  Unhandled Access Violation Reading 0x0000 Exception at ed67713bh

02/10/2018 at 11:42:15.229  Drawing: A:\Projetos\AutocadFerramenta\blocos ferramenta.dwg
-------------


FATAL ERROR:  Unhandled Access Violation Reading 0x0000 Exception at c48da5fh

02/10/2018 at 12:11:36.001  Drawing: A:\Projetos\AutocadFerramenta\blocos ferramenta.dwg
-------------


FATAL ERROR:  Unhandled Access Violation Reading 0x0000 Exception at c48da5fh

02/10/2018 at 12:13:36.040  Drawing: A:\Projetos\AutocadFerramenta\blocos ferramenta.dwg
-------------


FATAL ERROR:  Unhandled Access Violation Reading 0x0000 Exception at c48e63ch

02/10/2018 at 12:24:26.202  Drawing: A:\Projetos\AutocadFerramenta\blocos ferramenta.dwg
-------------


FATAL ERROR:  Unhandled Access Violation Reading 0x0000 Exception at c48da5fh

02/10/2018 at 12:27:12.948  Drawing: A:\Projetos\AutocadFerramenta\blocos ferramenta.dwg
-------------


FATAL ERROR:  Unhandled Access Violation Reading 0x0000 Exception at c48da5fh

02/10/2018 at 12:28:07.147  Drawing: A:\Projetos\AutocadFerramenta\blocos ferramenta.dwg
-------------


FATAL ERROR:  Unhandled Access Violation Reading 0x0000 Exception at ed64a63bh

02/10/2018 at 14:11:25.911  Drawing: A:\Projetos\AutocadFerramenta\blocos ferramenta.dwg
-------------


FATAL ERROR:  Unhandled Access Violation Reading 0x0000 Exception at ed677a5bh

02/10/2018 at 14:14:58.620  Drawing: A:\Projetos\AutocadFerramenta\blocos ferramenta.dwg
-------------


FATAL ERROR:  Unhandled Access Violation Reading 0x0000 Exception at c48da5fh

02/10/2018 at 14:19:59.751  Drawing: A:\Projetos\AutocadFerramenta\blocos ferramenta.dwg
-------------


FATAL ERROR:  Unhandled Access Violation Reading 0x0000 Exception at c48da5fh

02/10/2018 at 15:06:36.641  Drawing: A:\Projetos\AutocadFerramenta\blocos ferramenta.dwg
-------------


FATAL ERROR:  Unhandled Access Violation Reading 0x0000 Exception at c48e63ch

02/10/2018 at 15:15:01.221  Drawing: A:\Projetos\AutocadFerramenta\blocos ferramenta.dwg
-------------


FATAL ERROR:  Unhandled Access Violation Reading 0x0000 Exception at c48e63ch

02/10/2018 at 15:19:25.127  Drawing: A:\Projetos\AutocadFerramenta\blocos ferramenta.dwg
-------------


FATAL ERROR:  Unhandled Access Violation Reading 0x0000 Exception at c48da5fh

02/10/2018 at 15:21:00.263  Drawing: A:\Projetos\AutocadFerramenta\blocos ferramenta.dwg
-------------


FATAL ERROR:  Unhandled Access Violation Reading 0x0000 Exception at c48da5fh

02/10/2018 at 15:23:04.393  Drawing: A:\Projetos\AutocadFerramenta\blocos ferramenta.dwg
-------------


FATAL ERROR:  Unhandled Access Violation Reading 0x0000 Exception at c48da5fh

02/10/2018 at 15:26:08.211  Drawing: A:\Projetos\AutocadFerramenta\blocos ferramenta.dwg
-------------


FATAL ERROR:  Unhandled Access Violation Reading 0x0000 Exception at ed656a7bh

02/10/2018 at 15:26:48.357  Drawing: A:\Projetos\AutocadFerramenta\blocos ferramenta.dwg
-------------


FATAL ERROR:  Unhandled Access Violation Reading 0x0000 Exception at ed67f80ch

02/10/2018 at 15:37:44.357  Drawing: A:\Projetos\AutocadFerramenta\blocos ferramenta.dwg
-------------


FATAL ERROR:  Unhandled Access Violation Reading 0x0000 Exception at ed677a0bh

02/10/2018 at 16:48:49.541  Drawing: Drawing1.dwg
-------------


FATAL ERROR:  Unhandled Access Violation Reading 0x0000 Exception at 20ba7523h

02/10/2018 at 17:23:51.497  Drawing: A:\Projetos\AutocadFerramenta\blocos ferramenta.dwg
-------------


FATAL ERROR:  Unhandled Access Violation Reading 0x0000 Exception at ed65fe06h

02/10/2018 at 18:51:53.923  Drawing: A:\Projetos\AutocadFerramenta\blocos ferramenta.dwg
-------------


FATAL ERROR:  Unhandled Access Violation Reading 0x0000 Exception at ed637487h

02/10/2018 at 18:58:43.255  Drawing: A:\Projetos\AutocadFerramenta\blocos ferramenta.dwg
-------------


FATAL ERROR:  Unhandled Access Violation Reading 0x0000 Exception at ed67ecd7h

02/10/2018 at 19:04:57.579  Drawing: A:\Projetos\AutocadFerramenta\blocos ferramenta.dwg
-------------


FATAL ERROR:  Unhandled Access Violation Reading 0x0000 Exception at 71d7523h

02/11/2018 at 08:15:07.883  Drawing: C:\Users\outra\Dropbox\Programs\blocos ferramenta.dwg
-------------


FATAL ERROR:  Unhandled Access Violation Reading 0x0000 Exception at c95e63ch

02/11/2018 at 08:56:59.107  Drawing: A:\Projetos\AutocadFerramenta\blocos ferramenta.dwg
-------------


FATAL ERROR:  Unhandled Access Violation Reading 0x0000 Exception at 9eae63ch

02/11/2018 at 09:15:45.640  Drawing: A:\Projetos\AutocadFerramenta\blocos ferramenta.dwg
-------------


FATAL ERROR:  Unhandled Access Violation Reading 0x0000 Exception at c95e63ch

02/11/2018 at 09:39:11.285  Drawing: A:\Projetos\AutocadFerramenta\blocos ferramenta.dwg
-------------


FATAL ERROR:  Unhandled Access Violation Reading 0x0000 Exception at b87e63ch

02/11/2018 at 10:05:20.346  Drawing: A:\Projetos\AutocadFerramenta\blocos ferramenta.dwg
-------------


FATAL ERROR:  Unhandled Access Violation Reading 0x0000 Exception at b87e63ch

02/11/2018 at 11:05:28.547  Drawing: A:\Projetos\AutocadFerramenta\blocos ferramenta.dwg
-------------


FATAL ERROR:  Unhandled Access Violation Reading 0x0000 Exception at ed62a7dch

02/11/2018 at 13:04:12.758  Drawing: A:\Projetos\AutocadFerramenta\blocos ferramenta.dwg
-------------


FATAL ERROR:  Unhandled Access Violation Reading 0x0000 Exception at ed4582bdh

02/11/2018 at 13:18:24.269  Drawing: A:\Projetos\AutocadFerramenta\Unifilar.dwg
-------------


FATAL ERROR:  Unhandled Access Violation Reading 0x0000 Exception at 7747523h

02/11/2018 at 13:25:11.781  Drawing: C:\Users\outra\Dropbox\Programs\blocos ferramenta.dwg
-------------


FATAL ERROR:  Unhandled Access Violation Reading 0x0000 Exception at 8f47523h

02/11/2018 at 13:32:19.220  Drawing: A:\Projetos\AutocadFerramenta\blocos ferramenta.dwg
-------------


FATAL ERROR:  Unhandled Access Violation Reading 0x0000 Exception at ed60966bh

02/11/2018 at 14:19:57.916  Drawing: A:\Projetos\AutocadFerramenta\blocos ferramenta.dwg
-------------


FATAL ERROR:  Unhandled Access Violation Reading 0x0000 Exception at ed61963bh

02/12/2018 at 12:17:33.537  Drawing: A:\Projetos\AutocadFerramenta\blocos ferramenta.dwg
-------------


FATAL ERROR:  Unhandled Access Violation Reading 0x0000 Exception at ed64949bh

02/12/2018 at 12:23:53.777  Drawing: A:\Projetos\AutocadFerramenta\blocos ferramenta.dwg
-------------


FATAL ERROR:  Unhandled Access Violation Reading 0x0000 Exception at ed63925bh

02/12/2018 at 12:31:39.880  Drawing: A:\Projetos\AutocadFerramenta\blocos ferramenta.dwg
-------------
